src/lib/services/chatService.ts(548,17): error TS2345: Argument of type 'import("/app/frontend/src/types/chat").Message[]' is not assignable to parameter of type 'Message[]'.
  Type 'import("/app/frontend/src/types/chat").Message' is not assignable to type 'Message'.
    Types of property 'id' are incompatible.
      Type 'string | number' is not assignable to type 'number'.
        Type 'string' is not assignable to type 'number'.
src/lib/services/chatService.ts(587,9): error TS2345: Argument of type 'import("/app/frontend/src/types/chat").Message[]' is not assignable to parameter of type 'Message[]'.
  Type 'import("/app/frontend/src/types/chat").Message' is not assignable to type 'Message'.
    Types of property 'id' are incompatible.
      Type 'string | number' is not assignable to type 'number'.
        Type 'string' is not assignable to type 'number'.
src/lib/services/chatService.ts(654,9): error TS2345: Argument of type 'import("/app/frontend/src/types/chat").Message[]' is not assignable to parameter of type 'Message[]'.
  Type 'import("/app/frontend/src/types/chat").Message' is not assignable to type 'Message'.
    Types of property 'id' are incompatible.
      Type 'string | number' is not assignable to type 'number'.
        Type 'string' is not assignable to type 'number'.
src/lib/services/openChatService.ts(60,18): error TS7006: Parameter 'id' implicitly has an 'any' type.
src/lib/services/openChatService.ts(92,43): error TS2345: Argument of type 'string | number' is not assignable to parameter of type 'string'.
  Type 'number' is not assignable to type 'string'.
src/lib/utils/crypto.ts(28,13): error TS2322: Type 'Uint8Array<ArrayBufferLike>' is not assignable to type 'BufferSource'.
  Type 'Uint8Array<ArrayBufferLike>' is not assignable to type 'ArrayBufferView<ArrayBuffer>'.
    Types of property 'buffer' are incompatible.
      Type 'ArrayBufferLike' is not assignable to type 'ArrayBuffer'.
        Type 'SharedArrayBuffer' is missing the following properties from type 'ArrayBuffer': resizable, resize, detached, transfer, transferToFixedLength
src/lib/utils/crypto.ts(70,32): error TS2322: Type 'Uint8Array<ArrayBufferLike>' is not assignable to type 'BufferSource'.
  Type 'Uint8Array<ArrayBufferLike>' is not assignable to type 'ArrayBufferView<ArrayBuffer>'.
    Types of property 'buffer' are incompatible.
      Type 'ArrayBufferLike' is not assignable to type 'ArrayBuffer'.
        Type 'SharedArrayBuffer' is missing the following properties from type 'ArrayBuffer': resizable, resize, detached, transfer, transferToFixedLength
